  App.cpp
  Expression.cpp
H:\Projects\Test's\CGL\CGL\Expression.h(12,3): error C4430: отсутствует спецификатор типа - предполагается int. Примечание. C++ не поддерживает int по умолчанию
  (компиляция исходного файла "Expression.cpp")
  
H:\Projects\Test's\CGL\CGL\Expression.h(12,17): error C3646: ClassName: неизвестный спецификатор переопределения
  (компиляция исходного файла "Expression.cpp")
  
H:\Projects\Test's\CGL\CGL\Expression.h(12,26): error C2440: инициализация: невозможно преобразовать "const wchar_t [19]" в "const int"
  (компиляция исходного файла "Expression.cpp")
      H:\Projects\Test's\CGL\CGL\Expression.h(12,26):
      Причина: невозможно преобразовать "const wchar_t [19]" в "const int"
      H:\Projects\Test's\CGL\CGL\Expression.h(12,28):
      преобразование из "const wchar_t [19]" в "const int" в этом контексте не разрешено.
  
H:\Projects\Test's\CGL\CGL\Expression.h(12,26): error C2439: Expression::wstring: не удается инициализировать член
  (компиляция исходного файла "Expression.cpp")
      H:\Projects\Test's\CGL\CGL\Expression.h(12,9):
       см. объявление "Expression::wstring"
  
  Graphics.cpp
H:\Projects\Test's\CGL\CGL\Graphics.h(12,3): error C4430: отсутствует спецификатор типа - предполагается int. Примечание. C++ не поддерживает int по умолчанию
  (компиляция исходного файла "Graphics.cpp")
  
H:\Projects\Test's\CGL\CGL\Graphics.h(12,17): error C3646: ClassName: неизвестный спецификатор переопределения
  (компиляция исходного файла "Graphics.cpp")
  
H:\Projects\Test's\CGL\CGL\Graphics.h(12,26): error C2440: инициализация: невозможно преобразовать "const wchar_t [17]" в "const int"
  (компиляция исходного файла "Graphics.cpp")
      H:\Projects\Test's\CGL\CGL\Graphics.h(12,26):
      Причина: невозможно преобразовать "const wchar_t [17]" в "const int"
      H:\Projects\Test's\CGL\CGL\Graphics.h(12,28):
      преобразование из "const wchar_t [17]" в "const int" в этом контексте не разрешено.
  
H:\Projects\Test's\CGL\CGL\Graphics.h(12,26): error C2439: Graphics::wstring: не удается инициализировать член
  (компиляция исходного файла "Graphics.cpp")
      H:\Projects\Test's\CGL\CGL\Graphics.h(12,9):
       см. объявление "Graphics::wstring"
  
  Integral.cpp
H:\Projects\Test's\CGL\CGL\Integral.h(12,3): error C4430: отсутствует спецификатор типа - предполагается int. Примечание. C++ не поддерживает int по умолчанию
  (компиляция исходного файла "Integral.cpp")
  
H:\Projects\Test's\CGL\CGL\Integral.h(12,17): error C3646: ClassName: неизвестный спецификатор переопределения
  (компиляция исходного файла "Integral.cpp")
  
H:\Projects\Test's\CGL\CGL\Integral.h(12,26): error C2440: инициализация: невозможно преобразовать "const wchar_t [17]" в "const int"
  (компиляция исходного файла "Integral.cpp")
      H:\Projects\Test's\CGL\CGL\Integral.h(12,26):
      Причина: невозможно преобразовать "const wchar_t [17]" в "const int"
      H:\Projects\Test's\CGL\CGL\Integral.h(12,28):
      преобразование из "const wchar_t [17]" в "const int" в этом контексте не разрешено.
  
H:\Projects\Test's\CGL\CGL\Integral.h(12,26): error C2439: Integral::wstring: не удается инициализировать член
  (компиляция исходного файла "Integral.cpp")
      H:\Projects\Test's\CGL\CGL\Integral.h(12,9):
       см. объявление "Integral::wstring"
  
  main.cpp
  ScreenSaver.cpp
H:\Projects\Test's\CGL\CGL\ScreenSaver.h(12,3): error C4430: отсутствует спецификатор типа - предполагается int. Примечание. C++ не поддерживает int по умолчанию
  (компиляция исходного файла "ScreenSaver.cpp")
  
H:\Projects\Test's\CGL\CGL\ScreenSaver.h(12,17): error C3646: ClassName: неизвестный спецификатор переопределения
  (компиляция исходного файла "ScreenSaver.cpp")
  
H:\Projects\Test's\CGL\CGL\ScreenSaver.h(12,26): error C2440: инициализация: невозможно преобразовать "const wchar_t [20]" в "const int"
  (компиляция исходного файла "ScreenSaver.cpp")
      H:\Projects\Test's\CGL\CGL\ScreenSaver.h(12,26):
      Причина: невозможно преобразовать "const wchar_t [20]" в "const int"
      H:\Projects\Test's\CGL\CGL\ScreenSaver.h(12,28):
      преобразование из "const wchar_t [20]" в "const int" в этом контексте не разрешено.
  
H:\Projects\Test's\CGL\CGL\ScreenSaver.h(12,26): error C2439: ScreenSaver::wstring: не удается инициализировать член
  (компиляция исходного файла "ScreenSaver.cpp")
      H:\Projects\Test's\CGL\CGL\ScreenSaver.h(12,9):
       см. объявление "ScreenSaver::wstring"
  
  Table.cpp
H:\Projects\Test's\CGL\CGL\Table.h(12,3): error C4430: отсутствует спецификатор типа - предполагается int. Примечание. C++ не поддерживает int по умолчанию
  (компиляция исходного файла "Table.cpp")
  
H:\Projects\Test's\CGL\CGL\Table.h(12,17): error C3646: ClassName: неизвестный спецификатор переопределения
  (компиляция исходного файла "Table.cpp")
  
H:\Projects\Test's\CGL\CGL\Table.h(12,26): error C2440: инициализация: невозможно преобразовать "const wchar_t [14]" в "const int"
  (компиляция исходного файла "Table.cpp")
      H:\Projects\Test's\CGL\CGL\Table.h(12,26):
      Причина: невозможно преобразовать "const wchar_t [14]" в "const int"
      H:\Projects\Test's\CGL\CGL\Table.h(12,28):
      преобразование из "const wchar_t [14]" в "const int" в этом контексте не разрешено.
  
H:\Projects\Test's\CGL\CGL\Table.h(12,26): error C2439: Table::wstring: не удается инициализировать член
  (компиляция исходного файла "Table.cpp")
      H:\Projects\Test's\CGL\CGL\Table.h(12,9):
       см. объявление "Table::wstring"
  
  Создание кода...
